<?xml version="1.0" encoding="UTF-8"?>
<testsuite xmlns:xsi="http://www.w3.org/2001/XMLSchema-instance" xsi:noNamespaceSchemaLocation="https://maven.apache.org/surefire/maven-surefire-plugin/xsd/surefire-test-report-3.0.xsd" version="3.0" name="TestSuite" time="356.622" tests="13" errors="0" skipped="0" failures="2">
  <properties>
[...]
</properties>
  <testcase name="getHash" classname="org.academy.web.tests.ActionTest" time="0.605"/>
  <testcase name="getCommentTest" classname="org.academy.web.tests.IssueTest" time="51.957">
    <failure message="no such element: Unable to locate element: {&quot;method&quot;:&quot;css selector&quot;,&quot;selector&quot;:&quot;#issue_3_alhonchar_academylessons_link&quot;}&#10;  (Session info: chrome=81.0.4044.138)&#10;For documentation on this error, please visit: https://www.seleniumhq.org/exceptions/no_such_element.html&#10;Build info: version: &apos;3.141.59&apos;, revision: &apos;e82be7d358&apos;, time: &apos;2018-11-14T08:17:03&apos;&#10;System info: host: &apos;DESKTOP-T36K6HM&apos;, ip: &apos;192.168.1.12&apos;, os.name: &apos;Windows 10&apos;, os.arch: &apos;amd64&apos;, os.version: &apos;10.0&apos;, java.version: &apos;1.8.0_191&apos;&#10;Driver info: org.openqa.selenium.chrome.ChromeDriver&#10;Capabilities {acceptInsecureCerts: false, browserName: chrome, browserVersion: 81.0.4044.138, chrome: {chromedriverVersion: 80.0.3987.106 (f68069574609..., userDataDir: C:\Users\Karina\AppData\Loc...}, goog:chromeOptions: {debuggerAddress: localhost:3079}, javascriptEnabled: true, networkConnectionEnabled: false, pageLoadStrategy: normal, platform: WINDOWS, platformName: WINDOWS, proxy: Proxy(), setWindowRect: true, strictFileInteractability: false, timeouts: {implicit: 0, pageLoad: 300000, script: 30000}, unhandledPromptBehavior: dismiss and notify}&#10;Session ID: c41bc53a6d91a7875a446a587b2a8ab2&#10;*** Element info: {Using=id, value=issue_3_alhonchar_academylessons_link}" type="org.openqa.selenium.NoSuchElementException"><![CDATA[org.openqa.selenium.NoSuchElementException: 
no such element: Unable to locate element: {"method":"css selector","selector":"#issue_3_alhonchar_academylessons_link"}
  (Session info: chrome=81.0.4044.138)
For documentation on this error, please visit: https://www.seleniumhq.org/exceptions/no_such_element.html
Build info: version: '3.141.59', revision: 'e82be7d358', time: '2018-11-14T08:17:03'
System info: host: 'DESKTOP-T36K6HM', ip: '192.168.1.12', os.name: 'Windows 10', os.arch: 'amd64', os.version: '10.0', java.version: '1.8.0_191'
Driver info: org.openqa.selenium.chrome.ChromeDriver
Capabilities {acceptInsecureCerts: false, browserName: chrome, browserVersion: 81.0.4044.138, chrome: {chromedriverVersion: 80.0.3987.106 (f68069574609..., userDataDir: C:\Users\Karina\AppData\Loc...}, goog:chromeOptions: {debuggerAddress: localhost:3079}, javascriptEnabled: true, networkConnectionEnabled: false, pageLoadStrategy: normal, platform: WINDOWS, platformName: WINDOWS, proxy: Proxy(), setWindowRect: true, strictFileInteractability: false, timeouts: {implicit: 0, pageLoad: 300000, script: 30000}, unhandledPromptBehavior: dismiss and notify}
Session ID: c41bc53a6d91a7875a446a587b2a8ab2
*** Element info: {Using=id, value=issue_3_alhonchar_academylessons_link}
	at org.academy.web.tests.IssueTest.getCommentTest(IssueTest.java:39)
]]></failure>
    <system-out><![CDATA[On Before Class Listener
[INFO] [::2020-05-26 16:04:52 IssueTest:26 login::]
::Start 'IssueTest'

[INFO] [::2020-05-26 16:05:17 IssueTest:31 login::]
::logged in into github account

[INFO] [::2020-05-26 16:05:17 IssueTest:36 getCommentTest::]
::Test launched

Test failed!
]]></system-out>
    <system-err><![CDATA[Starting ChromeDriver 80.0.3987.106 (f68069574609230cf9b635cd784cfb1bf81bb53a-refs/branch-heads/3987@{#882}) on port 14424
Only local connections are allowed.
Please protect ports used by ChromeDriver and related test frameworks to prevent access by malicious code.
[1590498291.734][WARNING]: This version of ChromeDriver has not been tested with Chrome version 81.
трав. 26, 2020 4:04:52 PM org.openqa.selenium.remote.ProtocolHandshake createSession
INFO: Detected dialect: W3C
[1590498292.921][SEVERE]: Timed out receiving message from renderer: 0.100
[1590498293.036][SEVERE]: Timed out receiving message from renderer: 0.100
[1590498293.185][SEVERE]: Timed out receiving message from renderer: 0.100
[1590498296.394][SEVERE]: Timed out receiving message from renderer: 0.100
[1590498296.796][SEVERE]: Timed out receiving message from renderer: 0.100
[1590498297.456][SEVERE]: Timed out receiving message from renderer: 0.100
[1590498298.807][SEVERE]: Timed out receiving message from renderer: 0.100
[1590498317.674][SEVERE]: Timed out receiving message from renderer: 0.100
[1590498318.633][SEVERE]: Timed out receiving message from renderer: 0.100
[1590498318.890][SEVERE]: Timed out receiving message from renderer: 0.100
]]></system-err>
  </testcase>
  <testcase name="negativeLoginTest" classname="org.academy.web.tests.LoginTest" time="2.489"/>
  <testcase name="negativeLoginTest" classname="org.academy.web.tests.LoginTest" time="1.182"/>
  <testcase name="negativeLoginTest" classname="org.academy.web.tests.LoginTest" time="1.093"/>
  <testcase name="negativeLoginTest" classname="org.academy.web.tests.LoginTest" time="1.295"/>
  <testcase name="negativeLoginTest" classname="org.academy.web.tests.LoginTest" time="1.389"/>
  <testcase name="negativeLoginTest" classname="org.academy.web.tests.LoginTest" time="1.426"/>
  <testcase name="positiveLoginTest" classname="org.academy.web.tests.LoginTest" time="1.802"/>
  <testcase name="getCommitHashCode" classname="org.academy.web.tests.LongScenarioTest" time="10.487">
    <failure message="stale element reference: element is not attached to the page document&#10;  (Session info: chrome=81.0.4044.138)&#10;For documentation on this error, please visit: https://www.seleniumhq.org/exceptions/stale_element_reference.html&#10;Build info: version: &apos;3.141.59&apos;, revision: &apos;e82be7d358&apos;, time: &apos;2018-11-14T08:17:03&apos;&#10;System info: host: &apos;DESKTOP-T36K6HM&apos;, ip: &apos;192.168.1.12&apos;, os.name: &apos;Windows 10&apos;, os.arch: &apos;amd64&apos;, os.version: &apos;10.0&apos;, java.version: &apos;1.8.0_191&apos;&#10;Driver info: org.openqa.selenium.chrome.ChromeDriver&#10;Capabilities {acceptInsecureCerts: false, browserName: chrome, browserVersion: 81.0.4044.138, chrome: {chromedriverVersion: 80.0.3987.106 (f68069574609..., userDataDir: C:\Users\Karina\AppData\Loc...}, goog:chromeOptions: {debuggerAddress: localhost:3254}, javascriptEnabled: true, networkConnectionEnabled: false, pageLoadStrategy: normal, platform: WINDOWS, platformName: WINDOWS, proxy: Proxy(), setWindowRect: true, strictFileInteractability: false, timeouts: {implicit: 0, pageLoad: 300000, script: 30000}, unhandledPromptBehavior: dismiss and notify}&#10;Session ID: de825a83e407a510a4e3adb505211f81" type="org.openqa.selenium.StaleElementReferenceException"><![CDATA[org.openqa.selenium.StaleElementReferenceException: 
stale element reference: element is not attached to the page document
  (Session info: chrome=81.0.4044.138)
For documentation on this error, please visit: https://www.seleniumhq.org/exceptions/stale_element_reference.html
Build info: version: '3.141.59', revision: 'e82be7d358', time: '2018-11-14T08:17:03'
System info: host: 'DESKTOP-T36K6HM', ip: '192.168.1.12', os.name: 'Windows 10', os.arch: 'amd64', os.version: '10.0', java.version: '1.8.0_191'
Driver info: org.openqa.selenium.chrome.ChromeDriver
Capabilities {acceptInsecureCerts: false, browserName: chrome, browserVersion: 81.0.4044.138, chrome: {chromedriverVersion: 80.0.3987.106 (f68069574609..., userDataDir: C:\Users\Karina\AppData\Loc...}, goog:chromeOptions: {debuggerAddress: localhost:3254}, javascriptEnabled: true, networkConnectionEnabled: false, pageLoadStrategy: normal, platform: WINDOWS, platformName: WINDOWS, proxy: Proxy(), setWindowRect: true, strictFileInteractability: false, timeouts: {implicit: 0, pageLoad: 300000, script: 30000}, unhandledPromptBehavior: dismiss and notify}
Session ID: de825a83e407a510a4e3adb505211f81
	at org.academy.web.tests.LongScenarioTest.getCommitHashCode(LongScenarioTest.java:45)
]]></failure>
    <system-out><![CDATA[On Before Class Listener
[INFO] [::2020-05-26 16:07:01 LongScenarioTest:32 precondition::]
::Start 'LongScenarioTest'

[INFO] [::2020-05-26 16:07:29 LongScenarioTest:35 precondition::]
::Logged in

Test failed!
]]></system-out>
    <system-err><![CDATA[Starting ChromeDriver 80.0.3987.106 (f68069574609230cf9b635cd784cfb1bf81bb53a-refs/branch-heads/3987@{#882}) on port 12652
Only local connections are allowed.
Please protect ports used by ChromeDriver and related test frameworks to prevent access by malicious code.
[1590498420.918][WARNING]: This version of ChromeDriver has not been tested with Chrome version 81.
трав. 26, 2020 4:07:01 PM org.openqa.selenium.remote.ProtocolHandshake createSession
INFO: Detected dialect: W3C
[1590498426.494][SEVERE]: Timed out receiving message from renderer: 0.100
[1590498427.848][SEVERE]: Timed out receiving message from renderer: 0.100
[1590498428.678][SEVERE]: Timed out receiving message from renderer: 0.100
[1590498428.869][SEVERE]: Timed out receiving message from renderer: 0.100
[1590498430.826][SEVERE]: Timed out receiving message from renderer: 0.100
[1590498430.949][SEVERE]: Timed out receiving message from renderer: 0.100
[1590498451.381][SEVERE]: Timed out receiving message from renderer: 0.100
[1590498451.731][SEVERE]: Timed out receiving message from renderer: 0.100
[1590498452.910][SEVERE]: Timed out receiving message from renderer: 0.100
[1590498457.827][SEVERE]: Timed out receiving message from renderer: 0.100
[1590498457.973][SEVERE]: Timed out receiving message from renderer: 0.100
]]></system-err>
  </testcase>
  <testcase name="slackResults" classname="org.academy.web.tests.MarketplaceTest" time="8.588"/>
  <testcase name="fileContentTest" classname="org.academy.web.tests.SearchFileTest" time="6.548"/>
  <testcase name="forkedUsersCheck" classname="org.academy.web.tests.UserTest" time="4.203"/>
</testsuite>